<?xml version="1.0" encoding="utf-8"?><testsuites><testsuite name="pytest" errors="0" failures="0" skipped="3" tests="13" time="1.124" timestamp="2023-11-01T22:35:58.245455" hostname="hwanguieongsMBP.attlocal.net"><testcase classname="test_build_query" name="test_build_skip" time="0.001"><skipped type="pytest.skip" message="no way of currently testing this">/Users/euiyoung.hwang/ES/Python_Workspace/python-django/rest_api/tests/test_build_query.py:12: no way of currently testing this</skipped></testcase><testcase classname="test_build_query" name="test_transform_trim" time="0.003" /><testcase classname="test_build_query" name="test_build_terms[_term0]" time="0.001" /><testcase classname="test_build_query" name="test_build_terms_batch" time="0.002" /><testcase classname="test_elasticsearch" name="test_search_skip" time="0.000"><skipped type="pytest.skip" message="no way of currently testing this">/Users/euiyoung.hwang/ES/Python_Workspace/python-django/rest_api/tests/test_elasticsearch.py:9: no way of currently testing this</skipped></testcase><testcase classname="test_elasticsearch" name="test_elasticsearch" time="0.549" /><testcase classname="test_elasticsearch" name="test_indics_analyzer_elasticsearch" time="0.009" /><testcase classname="test_rest_api" name="test_api_skip" time="0.000"><skipped type="pytest.skip" message="no way of currently testing this">/Users/euiyoung.hwang/ES/Python_Workspace/python-django/rest_api/tests/test_rest_api.py:10: no way of currently testing this</skipped></testcase><testcase classname="test_rest_api" name="test_api_test_swagger" time="0.179" /><testcase classname="test_rest_api" name="test_api_users_swagger[1]" time="0.004" /><testcase classname="test_rest_api" name="test_api_users_swagger[2]" time="0.002" /><testcase classname="test_rest_api" name="test_api_users_swagger[3]" time="0.002" /><testcase classname="test_rest_api" name="test_api_es_search_swagger" time="0.026" /></testsuite></testsuites>