<?xml version="1.0" encoding="utf-8"?><testsuites><testsuite name="pytest" errors="0" failures="0" skipped="3" tests="31" time="1.977" timestamp="2023-11-24T00:16:52.238169" hostname="hwanguieongsMBP.attlocal.net"><testcase classname="test_model" name="test_django_reverse_test_request" time="0.666" /><testcase classname="test_model" name="test_django_reverse_users_request" time="0.009" /><testcase classname="test_model" name="test_reverse_model_parametrize[Yasou]" time="0.010" /><testcase classname="test_model" name="test_reverse_model_parametrize[Guten tag]" time="0.007" /><testcase classname="test_model" name="test_reverse_model_parametrize[Bonjour]" time="0.007" /><testcase classname="test_model" name="test_student_create" time="0.019" /><testcase classname="test_model" name="test_userRank_create" time="0.010" /><testcase classname="test_rest_api" name="test_model_CRUD_swagger[username_1]" time="0.023" /><testcase classname="test_rest_api" name="test_model_CRUD_swagger[username_2]" time="0.019" /><testcase classname="test_rest_api" name="test_model_CRUD_swagger[username_3]" time="0.020" /><testcase classname="test_model" name="test_transaction_true_db_fixture" time="0.193" /><testcase classname="test_build_query" name="test_build_skip" time="0.000"><skipped type="pytest.skip" message="no way of currently testing this">/Users/euiyoung.hwang/ES/Python_Workspace/python-django/rest_api/tests/test_build_query.py:13: no way of currently testing this</skipped></testcase><testcase classname="test_build_query" name="test_query_string_clause" time="0.002" /><testcase classname="test_build_query" name="test_pagination_clause" time="0.002" /><testcase classname="test_build_query" name="test_transform_trim" time="0.001" /><testcase classname="test_build_query" name="test_build_terms[_term0]" time="0.001" /><testcase classname="test_build_query" name="test_build_terms_batch" time="0.001" /><testcase classname="test_build_query" name="test_build_terms_filter" time="0.003" /><testcase classname="test_elasticsearch" name="test_search_skip" time="0.000"><skipped type="pytest.skip" message="no way of currently testing this">/Users/euiyoung.hwang/ES/Python_Workspace/python-django/rest_api/tests/test_elasticsearch.py:9: no way of currently testing this</skipped></testcase><testcase classname="test_elasticsearch" name="test_elasticsearch" time="0.593" /><testcase classname="test_elasticsearch" name="test_indics_analyzer_elasticsearch" time="0.011" /><testcase classname="test_elasticsearch" name="test_omnisearch_v1" time="0.026" /><testcase classname="test_message.TestMessageuilders" name="test_redis_assign_test" time="0.010" /><testcase classname="test_message.TestMessageuilders" name="test_redis_client" time="0.001" /><testcase classname="test_model" name="test_django_test_request" time="0.003" /><testcase classname="test_rest_api" name="test_api_skip" time="0.000"><skipped type="pytest.skip" message="no way of currently testing this">/Users/euiyoung.hwang/ES/Python_Workspace/python-django/rest_api/tests/test_rest_api.py:11: no way of currently testing this</skipped></testcase><testcase classname="test_rest_api" name="test_api_test_swagger" time="0.002" /><testcase classname="test_rest_api" name="test_api_users_swagger[1]" time="0.003" /><testcase classname="test_rest_api" name="test_api_users_swagger[2]" time="0.003" /><testcase classname="test_rest_api" name="test_api_users_swagger[3]" time="0.003" /><testcase classname="test_rest_api" name="test_api_es_search_swagger" time="0.047" /></testsuite></testsuites>